<?xml version="1.0" encoding="UTF-8"?>
<testng-results skipped="0" failed="0" ignored="0" total="1" passed="1">
  <reporter-output>
  </reporter-output>
  <suite name="BDD Test Suite" duration-ms="165929" started-at="2020-02-05T03:49:59Z" finished-at="2020-02-05T03:52:45Z">
    <groups>
      <group name="cucumber">
        <method signature="TestRunner.feature(cucumber.api.testng.CucumberFeatureWrapper)[pri:0, instance:RunnerClass.TestRunner@6adede5]" name="feature" class="RunnerClass.TestRunner"/>
      </group> <!-- cucumber -->
    </groups>
    <test name="Test" duration-ms="165929" started-at="2020-02-05T03:49:59Z" finished-at="2020-02-05T03:52:45Z">
      <class name="RunnerClass.TestRunner">
        <test-method status="PASS" signature="setUpClass()[pri:0, instance:RunnerClass.TestRunner@6adede5]" name="setUpClass" is-config="true" duration-ms="730" started-at="2020-02-05T03:49:59Z" finished-at="2020-02-05T03:49:59Z">
          <reporter-output>
          </reporter-output>
        </test-method> <!-- setUpClass -->
        <test-method status="PASS" signature="feature(cucumber.api.testng.CucumberFeatureWrapper)[pri:0, instance:RunnerClass.TestRunner@6adede5]" name="feature" duration-ms="164522" started-at="2020-02-05T03:50:00Z" description="Runs Cucumber Feature" data-provider="features" finished-at="2020-02-05T03:52:44Z">
          <params>
            <param index="0">
              <value>
                <![CDATA[Test Smoke Sceanrious]]>
              </value>
            </param>
          </params>
          <reporter-output>
          </reporter-output>
        </test-method> <!-- feature -->
        <test-method status="PASS" signature="tearDownClass()[pri:0, instance:RunnerClass.TestRunner@6adede5]" name="tearDownClass" is-config="true" duration-ms="408" started-at="2020-02-05T03:52:44Z" finished-at="2020-02-05T03:52:45Z">
          <reporter-output>
          </reporter-output>
        </test-method> <!-- tearDownClass -->
      </class> <!-- RunnerClass.TestRunner -->
    </test> <!-- Test -->
  </suite> <!-- BDD Test Suite -->
</testng-results>
